<?xml version="1.0" encoding="UTF-8"?>
<!-- Generated by org.testng.reporters.JUnitReportReporter -->
<testsuite hostname="LAPTOP-I21OV6OS" failures="0" tests="1" name="VtigerM4.VtigerReader" time="7.329" errors="0" timestamp="2024-10-18T21:18:12 IST" skipped="0">
  <testcase classname="VtigerM4.VtigerReader" name="loginVtiger" time="7.329"/>
</testsuite> <!-- VtigerM4.VtigerReader -->
