<?xml version="1.0" encoding="UTF-8"?>
<!-- Generated by org.testng.reporters.JUnitReportReporter -->
<testsuite hostname="LAPTOP-I21OV6OS" failures="0" tests="1" name="FunctionalTesting.Test4" time="37.967" errors="0" timestamp="2024-10-26T08:00:42 IST" skipped="0">
  <testcase classname="FunctionalTesting.Test4" name="testCase4" time="37.967"/>
</testsuite> <!-- FunctionalTesting.Test4 -->
