<?xml version="1.0" encoding="UTF-8"?>
<!-- Generated by org.testng.reporters.JUnitReportReporter -->
<testsuite hostname="LAPTOP-I21OV6OS" failures="0" tests="1" name="FunctionalTesting.Test2" time="9.913" errors="0" timestamp="2024-10-25T16:11:16 IST" skipped="0">
  <testcase classname="FunctionalTesting.Test2" name="main" time="9.913"/>
</testsuite> <!-- FunctionalTesting.Test2 -->
