<?xml version="1.0" encoding="UTF-8"?>
<!-- Generated by org.testng.reporters.JUnitReportReporter -->
<testsuite hostname="LAPTOP-I21OV6OS" failures="0" tests="1" name="FunctionalTesting.Test1" time="25.864" errors="0" timestamp="2024-10-25T13:48:36 IST" skipped="0">
  <testcase classname="FunctionalTesting.Test1" name="main" time="25.864"/>
</testsuite> <!-- FunctionalTesting.Test1 -->
